2021.07.09 20:21:27.147 INFO  [main                                ] 77 <clinit> - 启动MongoDB连接,host:192.168.0.46,port:33000,user:mongo:pswd:***,dbnm:Game
2021.07.09 20:21:27.580 INFO  [main                                ] 71 info - Cluster created with settings {hosts=[192.168.0.46:33000], mode=SINGLE, requiredClusterType=UNKNOWN, serverSelectionTimeout='30000 ms', maxWaitQueueSize=500}
2021.07.09 20:21:27.676 INFO  [main                                ] 71 info - Cluster description not yet available. Waiting for 30000 ms before timing out
2021.07.09 20:21:47.608 INFO  [cluster-ClusterId{value='60e83f47586cbc03079e631e', description='null'}-192.168.0.46:33000] 76 info - Exception in monitor thread while connecting to server 192.168.0.46:33000 com.mongodb.MongoSocketOpenException: Exception opening socket
	at com.mongodb.internal.connection.SocketStream.open(SocketStream.java:70) ~[mongo-java-driver-3.12.5.jar:?]
	at com.mongodb.internal.connection.InternalStreamConnection.open(InternalStreamConnection.java:128) ~[mongo-java-driver-3.12.5.jar:?]
	at com.mongodb.internal.connection.DefaultServerMonitor$ServerMonitorRunnable.run(DefaultServerMonitor.java:117) [mongo-java-driver-3.12.5.jar:?]
	at java.lang.Thread.run(Thread.java:748) [?:1.8.0_261]
Caused by: java.net.SocketTimeoutException: connect timed out
	at java.net.DualStackPlainSocketImpl.waitForConnect(Native Method) ~[?:1.8.0_261]
	at java.net.DualStackPlainSocketImpl.socketConnect(DualStackPlainSocketImpl.java:81) ~[?:1.8.0_261]
	at java.net.AbstractPlainSocketImpl.doConnect(AbstractPlainSocketImpl.java:476) ~[?:1.8.0_261]
	at java.net.AbstractPlainSocketImpl.connectToAddress(AbstractPlainSocketImpl.java:218) ~[?:1.8.0_261]
	at java.net.AbstractPlainSocketImpl.connect(AbstractPlainSocketImpl.java:200) ~[?:1.8.0_261]
	at java.net.PlainSocketImpl.connect(PlainSocketImpl.java:162) ~[?:1.8.0_261]
	at java.net.SocksSocketImpl.connect(SocksSocketImpl.java:394) ~[?:1.8.0_261]
	at java.net.Socket.connect(Socket.java:606) ~[?:1.8.0_261]
	at com.mongodb.internal.connection.SocketStreamHelper.initialize(SocketStreamHelper.java:64) ~[mongo-java-driver-3.12.5.jar:?]
	at com.mongodb.internal.connection.SocketStream.initializeSocket(SocketStream.java:79) ~[mongo-java-driver-3.12.5.jar:?]
	at com.mongodb.internal.connection.SocketStream.open(SocketStream.java:65) ~[mongo-java-driver-3.12.5.jar:?]
	... 3 more

